<?xml version="1.0" encoding="utf-8"?><testsuites><testsuite name="pytest" errors="0" failures="0" skipped="0" tests="13" time="141.538" timestamp="2024-11-14T21:59:42.834624+01:00" hostname="Vitaliis-MacBook-Air.local"><testcase classname="project.hobby.crawlerdetect.tests.test_crawlerdetect.CrawlerDetectTests" name="test_current_visitor" file="project/hobby/crawlerdetect/tests/test_crawlerdetect.py" line="63" time="0.022" /><testcase classname="project.hobby.crawlerdetect.tests.test_crawlerdetect.CrawlerDetectTests" name="test_empty_user_agent" file="project/hobby/crawlerdetect/tests/test_crawlerdetect.py" line="59" time="0.000" /><testcase classname="project.hobby.crawlerdetect.tests.test_crawlerdetect.CrawlerDetectTests" name="test_http_from_header" file="project/hobby/crawlerdetect/tests/test_crawlerdetect.py" line="76" time="0.001" /><testcase classname="project.hobby.crawlerdetect.tests.test_crawlerdetect.CrawlerDetectTests" name="test_is_crawler" file="project/hobby/crawlerdetect/tests/test_crawlerdetect.py" line="13" time="0.001" /><testcase classname="project.hobby.crawlerdetect.tests.test_crawlerdetect.CrawlerDetectTests" name="test_it_returns_correct_matched_bot_name" file="project/hobby/crawlerdetect/tests/test_crawlerdetect.py" line="45" time="0.001" /><testcase classname="project.hobby.crawlerdetect.tests.test_crawlerdetect.CrawlerDetectTests" name="test_it_returns_null_when_no_bot_detected" file="project/hobby/crawlerdetect/tests/test_crawlerdetect.py" line="54" time="0.001" /><testcase classname="project.hobby.crawlerdetect.tests.test_crawlerdetect.CrawlerDetectTests" name="test_sec_ch_ua_are_bots" file="project/hobby/crawlerdetect/tests/test_crawlerdetect.py" line="27" time="0.001" /><testcase classname="project.hobby.crawlerdetect.tests.test_crawlerdetect.CrawlerDetectTests" name="test_sec_ch_ua_are_devices" file="project/hobby/crawlerdetect/tests/test_crawlerdetect.py" line="39" time="0.005" /><testcase classname="project.hobby.crawlerdetect.tests.test_crawlerdetect.CrawlerDetectTests" name="test_the_regex_patterns_are_unique" file="project/hobby/crawlerdetect/tests/test_crawlerdetect.py" line="81" time="0.000" /><testcase classname="project.hobby.crawlerdetect.tests.test_crawlerdetect.CrawlerDetectTests" name="test_there_are_no_regex_collisions" file="project/hobby/crawlerdetect/tests/test_crawlerdetect.py" line="85" time="1.536" /><testcase classname="project.hobby.crawlerdetect.tests.test_crawlerdetect.CrawlerDetectTests" name="test_user_agent_passed_via_contructor" file="project/hobby/crawlerdetect/tests/test_crawlerdetect.py" line="68" time="0.021" /><testcase classname="project.hobby.crawlerdetect.tests.test_crawlerdetect.CrawlerDetectTests" name="test_user_agents_are_bots" file="project/hobby/crawlerdetect/tests/test_crawlerdetect.py" line="21" time="0.431" /><testcase classname="project.hobby.crawlerdetect.tests.test_crawlerdetect.CrawlerDetectTests" name="test_user_agents_are_devices" file="project/hobby/crawlerdetect/tests/test_crawlerdetect.py" line="33" time="139.485" /></testsuite></testsuites>
